<?xml version="1.0" encoding="UTF-8"?>
<!-- Generated by org.testng.reporters.JUnitReportReporter -->
<testsuite hostname="WINDOWS-0I4CGOT" failures="0" tests="2" name="testCases.TC001_AccountRegistrationTest" time="37.533" errors="0" timestamp="2026-03-04T18:02:18 IST" skipped="0">
  <testcase classname="testCases.TC001_AccountRegistrationTest" name="verify_account_registration" time="24.886"/>
  <testcase classname="testCases.TC001_AccountRegistrationTest" name="verify_account_registration" time="12.647"/>
</testsuite> <!-- testCases.TC001_AccountRegistrationTest -->
