<?xml version="1.0" encoding="UTF-8"?>
<!-- Generated by org.testng.reporters.JUnitReportReporter -->
<testsuite hostname="WINDOWS-0I4CGOT" failures="0" tests="6" name="testCases.TC003_LoginDDT" time="32.594" errors="0" timestamp="2026-02-26T17:27:02 IST" skipped="0">
  <testcase classname="testCases.TC003_LoginDDT" name="verify_loginDDT" time="2.500"/>
  <testcase classname="testCases.TC003_LoginDDT" name="verify_loginDDT" time="2.701"/>
  <testcase classname="testCases.TC003_LoginDDT" name="verify_loginDDT" time="2.265"/>
  <testcase classname="testCases.TC003_LoginDDT" name="verify_loginDDT" time="2.640"/>
  <testcase classname="testCases.TC003_LoginDDT" name="verify_loginDDT" time="10.690"/>
  <testcase classname="testCases.TC003_LoginDDT" name="verify_loginDDT" time="11.798"/>
</testsuite> <!-- testCases.TC003_LoginDDT -->
